<?xml version="1.0" encoding="UTF-8"?>
<testsuite xmlns:xsi="http://www.w3.org/2001/XMLSchema-instance" xsi:noNamespaceSchemaLocation="https://maven.apache.org/surefire/maven-surefire-plugin/xsd/surefire-test-report-3.0.xsd" version="3.0" name="oop.ica.e2.SportsShopGUITest" time="22.441" tests="3" errors="0" skipped="0" failures="0">
  <properties>
[...]
</properties>
  <testcase name="testLoad" classname="oop.ica.e2.SportsShopGUITest" time="0.556">
    <system-out><![CDATA[CVS Data is Load Sucessfully
]]></system-out>
  </testcase>
  <testcase name="testBuyItem" classname="oop.ica.e2.SportsShopGUITest" time="14.13">
    <system-out><![CDATA[buyItem
_______________________________________________________
Run-TechRunningshorts - High-qualityrunningshorts - UNIT PRICE: £10.0 - QTY: 10
Cycle4everCyclingjacket - Superlightweighthi-visjacketfortheextremecyclist - UNIT PRICE: £50.0 - QTY: 19
4OceansGoggles - SuperHi-techgogglesfortheprofessionalandextremeenvironmentswimmer - UNIT PRICE: £25.15 - QTY: 8
LakeTechSwimhat - Generalpurposelatexswimhatsuitableforbeginnerandintermediateswimmers - UNIT PRICE: £10.99 - QTY: 10
RunEverywhere - Greattrainersforrunningcrosscountry - UNIT PRICE: £88.5 - QTY: 50
Swimmingshorts - Goodqualityswimmingshortsforrecreactionswimmingandholidays - UNIT PRICE: £12.99 - QTY: 20
]]></system-out>
  </testcase>
  <testcase name="testaddItem" classname="oop.ica.e2.SportsShopGUITest" time="7.71">
    <system-out><![CDATA[addStock
__________________________________________________________
Run-TechRunningshorts - High-qualityrunningshorts - UNIT PRICE: £10.0 - QTY: 10
Cycle4everCyclingjacket - Superlightweighthi-visjacketfortheextremecyclist - UNIT PRICE: £50.0 - QTY: 21
4OceansGoggles - SuperHi-techgogglesfortheprofessionalandextremeenvironmentswimmer - UNIT PRICE: £25.15 - QTY: 8
LakeTechSwimhat - Generalpurposelatexswimhatsuitableforbeginnerandintermediateswimmers - UNIT PRICE: £10.99 - QTY: 10
RunEverywhere - Greattrainersforrunningcrosscountry - UNIT PRICE: £88.5 - QTY: 50
Swimmingshorts - Goodqualityswimmingshortsforrecreactionswimmingandholidays - UNIT PRICE: £12.99 - QTY: 20
]]></system-out>
  </testcase>
</testsuite>